<?xml version="1.0" encoding="UTF-8"?>
<!-- Generated by org.testng.reporters.JUnitXMLReporter -->
<testsuite ignored="0" hostname="Vaibhav-HP" failures="0" tests="3" name="chromeTest" time="7.542" errors="0" timestamp="2024-07-08T16:21:56 IST">
  <testcase classname="testNG.ParallelTesting" name="testLogo" time="0.046"/>
  <testcase classname="testNG.ParallelTesting" name="testTitle" time="0.025"/>
  <testcase classname="testNG.ParallelTesting" name="testURL" time="0.02"/>
</testsuite> <!-- chromeTest -->
