<?xml version="1.0" encoding="UTF-8"?>
<!-- Generated by org.testng.reporters.JUnitXMLReporter -->
<testsuite ignored="0" hostname="Vaibhav-HP" failures="0" tests="7" name="Test" time="9.63" errors="0" timestamp="2024-06-26T23:22:33 IST">
  <testcase classname="testNG.OrangeHRMTest" name="openApp" time="6.049"/>
  <testcase classname="testNG.OrangeHRMTest" name="testLogo" time="3.071"/>
  <testcase classname="testNG.OrangeHRMTest" name="testLogoin" time="0.31"/>
  <testcase classname="testNG.OrangeHRMTest" name="testLogout" time="0.154"/>
  <testcase classname="testNG.Test0" name="openapp" time="0.001"/>
  <testcase classname="testNG.Test0" name="login" time="0.001"/>
  <testcase classname="testNG.Test0" name="logout" time="0.001"/>
</testsuite> <!-- Test -->
