<?xml version="1.0" encoding="UTF-8"?>
<!-- Generated by org.testng.reporters.JUnitXMLReporter -->
<testsuite ignored="0" hostname="Vaibhav-HP" failures="1" tests="3" name="Test" time="9.813" errors="0" timestamp="2024-07-14T15:24:54 IST">
  <testcase classname="listener_ExtentReport.ListenerTest" name="testLogo" time="3.083"/>
  <testcase classname="listener_ExtentReport.ListenerTest" name="testAppURL" time="0.013">
    <failure type="java.lang.AssertionError" message="expected [dummy] but found [https://opensource-demo.orangehrmlive.com/web/index.php/auth/login]">
      <![CDATA[java.lang.AssertionError: expected [dummy] but found [https://opensource-demo.orangehrmlive.com/web/index.php/auth/login]
at listener_ExtentReport.ListenerTest.testAppURL(ListenerTest.java:41)
at java.base/java.util.ArrayList.forEach(ArrayList.java:1597)
... Removed 31 stack frames]]>
    </failure>
  </testcase> <!-- testAppURL -->
  <testcase classname="listener_ExtentReport.ListenerTest" name="testHomePageTitle" time="0.0">
    <skipped/>
  </testcase> <!-- testHomePageTitle -->
</testsuite> <!-- Test -->
