<?xml version="1.0" encoding="UTF-8"?>
<testng-results ignored="0" total="1" passed="1" failed="0" skipped="0">
  <reporter-output>
  </reporter-output>
  <suite started-at="2024-05-25T19:05:24 IST" name="Default suite" finished-at="2024-05-25T19:05:28 IST" duration-ms="3768">
    <groups>
    </groups>
    <test started-at="2024-05-25T19:05:24 IST" name="Default test" finished-at="2024-05-25T19:05:28 IST" duration-ms="3768">
      <class name="testNG.VeifyTitle">
        <test-method is-config="true" signature="beforeMethod()[pri:0, instance:testNG.VeifyTitle@dbf57b3]" started-at="2024-05-25T19:05:24 IST" name="beforeMethod" finished-at="2024-05-25T19:05:28 IST" duration-ms="3709" status="PASS">
          <reporter-output>
          </reporter-output>
        </test-method> <!-- beforeMethod -->
        <test-method signature="title()[pri:0, instance:testNG.VeifyTitle@dbf57b3]" started-at="2024-05-25T19:05:28 IST" name="title" finished-at="2024-05-25T19:05:28 IST" duration-ms="22" status="PASS">
          <reporter-output>
          </reporter-output>
        </test-method> <!-- title -->
      </class> <!-- testNG.VeifyTitle -->
    </test> <!-- Default test -->
  </suite> <!-- Default suite -->
</testng-results>
