<?xml version="1.0" encoding="UTF-8"?>
<!-- Generated by org.testng.reporters.JUnitXMLReporter -->
<testsuite ignored="3" hostname="Vaibhav-HP" failures="0" tests="2" name="GRP-smoke" time="0.066" errors="0" timestamp="2024-05-21T23:05:53 IST">
  <testcase classname="testNG.Grouping" name="test1" time="0.016"/>
  <testcase classname="testNG.Grouping" name="test2" time="0.003"/>
  <testcase classname="testNG.Grouping" name="test4" time="0.0">
    <ignored/>
  </testcase> <!-- test4 -->
  <testcase classname="testNG.Grouping" name="test3" time="0.0">
    <ignored/>
  </testcase> <!-- test3 -->
  <testcase classname="testNG.Grouping" name="test5" time="0.0">
    <ignored/>
  </testcase> <!-- test5 -->
</testsuite> <!-- GRP-smoke -->
