<?xml version="1.0" encoding="UTF-8"?>
<!-- Generated by org.testng.reporters.JUnitXMLReporter -->
<testsuite ignored="4" hostname="Vaibhav-HP" failures="0" tests="1" name="GRP-BVT" time="0.063" errors="0" timestamp="2024-05-21T23:08:27 IST">
  <testcase classname="testNG.Grouping" name="test5" time="0.018"/>
  <testcase classname="testNG.Grouping" name="test1" time="0.0">
    <ignored/>
  </testcase> <!-- test1 -->
  <testcase classname="testNG.Grouping" name="test4" time="0.0">
    <ignored/>
  </testcase> <!-- test4 -->
  <testcase classname="testNG.Grouping" name="test3" time="0.0">
    <ignored/>
  </testcase> <!-- test3 -->
  <testcase classname="testNG.Grouping" name="test2" time="0.0">
    <ignored/>
  </testcase> <!-- test2 -->
</testsuite> <!-- GRP-BVT -->
