<?xml version="1.0" encoding="UTF-8"?>
<!-- Generated by org.testng.reporters.JUnitXMLReporter -->
<testsuite ignored="0" hostname="Vaibhav-HP" failures="0" tests="5" name="GRP-class" time="0.081" errors="0" timestamp="2024-05-21T23:10:57 IST">
  <testcase classname="testNG.Grouping" name="test1" time="0.012"/>
  <testcase classname="testNG.Grouping" name="test2" time="0.002"/>
  <testcase classname="testNG.Grouping" name="test3" time="0.002"/>
  <testcase classname="testNG.Grouping" name="test4" time="0.002"/>
  <testcase classname="testNG.Grouping" name="test5" time="0.002"/>
</testsuite> <!-- GRP-class -->
