<?xml version="1.0" encoding="UTF-8"?>
<!-- Generated by org.testng.reporters.JUnitXMLReporter -->
<testsuite ignored="0" hostname="Vaibhav-HP" failures="0" tests="3" name="chromeTest" time="11.291" errors="0" timestamp="2024-09-07T20:53:10 IST">
  <testcase classname="testNG.ParallelTesting" name="testLogo" time="0.087"/>
  <testcase classname="testNG.ParallelTesting" name="testTitle" time="0.02"/>
  <testcase classname="testNG.ParallelTesting" name="testURL" time="0.026"/>
</testsuite> <!-- chromeTest -->
