<?xml version="1.0" encoding="UTF-8"?>
<!-- Generated by org.testng.reporters.JUnitXMLReporter -->
<testsuite ignored="0" hostname="Vaibhav-HP" failures="0" tests="3" name="chromeTest" time="10.681" errors="0" timestamp="2024-07-08T17:02:16 IST">
  <testcase classname="testNG.ParallelTesting" name="testLogo" time="0.09"/>
  <testcase classname="testNG.ParallelTesting" name="testTitle" time="0.02"/>
  <testcase classname="testNG.ParallelTesting" name="testURL" time="0.015"/>
</testsuite> <!-- chromeTest -->
