<?xml version="1.0" encoding="UTF-8"?>
<!-- Generated by org.testng.reporters.JUnitXMLReporter -->
<testsuite ignored="0" hostname="Vaibhav-HP" failures="0" tests="3" name="edgeTest" time="12.645" errors="0" timestamp="2024-09-07T20:53:11 IST">
  <testcase classname="testNG.ParallelTesting" name="testLogo" time="0.078"/>
  <testcase classname="testNG.ParallelTesting" name="testTitle" time="0.031"/>
  <testcase classname="testNG.ParallelTesting" name="testURL" time="0.016"/>
</testsuite> <!-- edgeTest -->
